Using pre-set license
Built from '2020.3/staging' branch; Version is '2020.3.19f1 (68f137dc9bbe) revision 6877495'; Using compiler version '192528614'; Build Type 'Release'
OS: 'Windows 10 Home; OS build 19043.1415; Version 2009; 64bit' Language: 'cs' Physical Memory: 16277 MB
BatchMode: 1, IsHumanControllingUs: 0, StartBugReporterOnCrash: 0, Is64bit: 1, IsPro: 0

COMMAND LINE ARGUMENTS:
D:\Unity\Editor\2020.3.19f1\Editor\Unity.exe
-adb2
-batchMode
-noUpm
-name
AssetImportWorker0
-projectPath
D:/Unity Projekty/Ocean Fisherman
-logFile
Logs/AssetImportWorker0.log
-srvPort
51832
Successfully changed project path to: D:/Unity Projekty/Ocean Fisherman
D:/Unity Projekty/Ocean Fisherman
Using Asset Import Pipeline V2.
Refreshing native plugins compatible for Editor in 117.26 ms, found 3 plugins.
Preloading 0 native plugins for Editor in 0.00 ms.
Initialize engine version: 2020.3.19f1 (68f137dc9bbe)
[Subsystems] Discovering subsystems at path D:/Unity/Editor/2020.3.19f1/Editor/Data/Resources/UnitySubsystems
[Subsystems] Discovering subsystems at path D:/Unity Projekty/Ocean Fisherman/Assets
GfxDevice: creating device client; threaded=0
Direct3D:
    Version:  Direct3D 11.0 [level 11.1]
    Renderer: NVIDIA GeForce GTX 1060 6GB (ID=0x1c03)
    Vendor:   
    VRAM:     6052 MB
    Driver:   30.0.14.7212
Initialize mono
Mono path[0] = 'D:/Unity/Editor/2020.3.19f1/Editor/Data/Managed'
Mono path[1] = 'D:/Unity/Editor/2020.3.19f1/Editor/Data/MonoBleedingEdge/lib/mono/unityjit'
Mono config path = 'D:/Unity/Editor/2020.3.19f1/Editor/Data/MonoBleedingEdge/etc'
Using monoOptions --debugger-agent=transport=dt_socket,embedding=1,server=y,suspend=n,address=127.0.0.1:56816
Begin MonoManager ReloadAssembly
Registering precompiled unity dll's ...
Register platform support module: D:/Unity/Editor/2020.3.19f1/Editor/Data/PlaybackEngines/WebGLSupport/UnityEditor.WebGL.Extensions.dll
Register platform support module: D:/Unity/Editor/2020.3.19f1/Editor/Data/PlaybackEngines/WindowsStandaloneSupport/UnityEditor.WindowsStandalone.Extensions.dll
Registered in 0.015275 seconds.
Native extension for WindowsStandalone target not found
Native extension for WebGL target not found
Refreshing native plugins compatible for Editor in 86.71 ms, found 3 plugins.
Preloading 0 native plugins for Editor in 0.00 ms.
Mono: successfully reloaded assembly
- Completed reload, in  3.231 seconds
Domain Reload Profiling:
	ReloadAssembly (3231ms)
		BeginReloadAssembly (117ms)
			ExecutionOrderSort (0ms)
			DisableScriptedObjects (0ms)
			BackupInstance (0ms)
			ReleaseScriptingObjects (0ms)
			CreateAndSetChildDomain (1ms)
		EndReloadAssembly (797ms)
			LoadAssemblies (111ms)
			RebuildTransferFunctionScriptingTraits (0ms)
			SetupTypeCache (236ms)
			ReleaseScriptCaches (0ms)
			RebuildScriptCaches (64ms)
			SetupLoadedEditorAssemblies (282ms)
				LogAssemblyErrors (0ms)
				InitializePlatformSupportModulesInManaged (10ms)
				SetLoadedEditorAssemblies (2ms)
				RefreshPlugins (87ms)
				BeforeProcessingInitializeOnLoad (23ms)
				ProcessInitializeOnLoadAttributes (124ms)
				ProcessInitializeOnLoadMethodAttributes (37ms)
				AfterProcessingInitializeOnLoad (0ms)
				EditorAssembliesLoaded (0ms)
			ExecutionOrderSort2 (0ms)
			AwakeInstancesAfterBackupRestoration (0ms)
Platform modules already initialized, skipping
Registering precompiled user dll's ...
Registered in 0.015386 seconds.
Begin MonoManager ReloadAssembly
Native extension for WindowsStandalone target not found
Native extension for WebGL target not found
Refreshing native plugins compatible for Editor in 60.60 ms, found 3 plugins.
Preloading 0 native plugins for Editor in 0.00 ms.
Mono: successfully reloaded assembly
- Completed reload, in  1.723 seconds
Domain Reload Profiling:
	ReloadAssembly (1724ms)
		BeginReloadAssembly (228ms)
			ExecutionOrderSort (0ms)
			DisableScriptedObjects (5ms)
			BackupInstance (0ms)
			ReleaseScriptingObjects (0ms)
			CreateAndSetChildDomain (28ms)
		EndReloadAssembly (1390ms)
			LoadAssemblies (177ms)
			RebuildTransferFunctionScriptingTraits (0ms)
			SetupTypeCache (446ms)
			ReleaseScriptCaches (0ms)
			RebuildScriptCaches (62ms)
			SetupLoadedEditorAssemblies (519ms)
				LogAssemblyErrors (0ms)
				InitializePlatformSupportModulesInManaged (9ms)
				SetLoadedEditorAssemblies (0ms)
				RefreshPlugins (61ms)
				BeforeProcessingInitializeOnLoad (138ms)
				ProcessInitializeOnLoadAttributes (255ms)
				ProcessInitializeOnLoadMethodAttributes (27ms)
				AfterProcessingInitializeOnLoad (28ms)
				EditorAssembliesLoaded (0ms)
			ExecutionOrderSort2 (0ms)
			AwakeInstancesAfterBackupRestoration (11ms)
Platform modules already initialized, skipping
========================================================================
Worker process is ready to serve import requests
Launched and connected shader compiler UnityShaderCompiler.exe after 0.08 seconds
Refreshing native plugins compatible for Editor in 0.52 ms, found 3 plugins.
Preloading 0 native plugins for Editor in 0.00 ms.
Unloading 2211 Unused Serialized files (Serialized files now loaded: 0)
System memory in use before: 96.3 MB.
System memory in use after: 96.4 MB.

Unloading 28 unused Assets to reduce memory usage. Loaded Objects now: 2645.
Total: 16.589000 ms (FindLiveObjects: 0.210000 ms CreateObjectMapping: 0.102100 ms MarkObjects: 16.170100 ms  DeleteObjects: 0.105200 ms)

AssetImportParameters requested are different than current active one (requested -> active):
  custom:framework-win-MediaFoundation: 216162199b28c13a410421893ffa2e32 -> 
  custom:video-decoder-ogg-theora: a1e56fd34408186e4bbccfd4996cb3dc -> 
  custom:container-muxer-webm: aa71ff27fc2769a1b78a27578f13a17b -> 
  custom:container-demuxer-webm: 4f35f7cbe854078d1ac9338744f61a02 -> 
  custom:container-demuxer-ogg: 62fdf1f143b41e24485cea50d1cbac27 -> 
  custom:video-encoder-webm-vp8: eb34c28f22e8b96e1ab97ce403110664 -> 
  custom:video-codec-MediaFoundation-h265: 746d11721c4dcdbdad8f713fa42b33f4 -> 
  custom:video-decoder-webm-vp8: 9c59270c3fd7afecdb556c50c9e8de78 -> 
  custom:audio-decoder-ogg-vorbis: bf7c407c2cedff20999df2af8eb42d56 -> 
  custom:audio-encoder-webm-vorbis: bf7c407c2cedff20999df2af8eb42d56 -> 
========================================================================
Received Import Request.
  path: Assets/PixelForce.ttf
  artifactKey: Guid(629679e3889172449bfea70b73987e78) Importer(815301076,1909f56bfc062723c751e8b465ee728b)
Start importing Assets/PixelForce.ttf using Guid(629679e3889172449bfea70b73987e78) Importer(815301076,1909f56bfc062723c751e8b465ee728b)  -> (artifact id: '0b6f586cbdd4d014f8f8acdbd3394def') in 0.467709 seconds 
  Import took 0.474907 seconds .

========================================================================
Received Import Request.
  Time since last request: 36.255447 seconds.
  path: Assets/Sprites/32Square.png
  artifactKey: Guid(644b2d12f4045d146b95f877ec08c545) Importer(815301076,1909f56bfc062723c751e8b465ee728b)
Start importing Assets/Sprites/32Square.png using Guid(644b2d12f4045d146b95f877ec08c545) Importer(815301076,1909f56bfc062723c751e8b465ee728b)  -> (artifact id: 'a4d5ae266c100ac79b4258a9a9dce77d') in 0.066880 seconds 
  Import took 0.071264 seconds .

========================================================================
Received Import Request.
  Time since last request: 0.000248 seconds.
  path: Assets/Sprites/UI/Dive.png
  artifactKey: Guid(45ccffabd89c0ba498541fecacd5c033) Importer(815301076,1909f56bfc062723c751e8b465ee728b)
Start importing Assets/Sprites/UI/Dive.png using Guid(45ccffabd89c0ba498541fecacd5c033) Importer(815301076,1909f56bfc062723c751e8b465ee728b)  -> (artifact id: 'edcd76a29c628b782566561d4a0056c7') in 0.020889 seconds 
  Import took 0.025233 seconds .

========================================================================
Received Import Request.
  Time since last request: 0.000325 seconds.
  path: Assets/Sprites/particles/Cloud2.png
  artifactKey: Guid(757f462a556e49d4aba182303f7f9e42) Importer(815301076,1909f56bfc062723c751e8b465ee728b)
Start importing Assets/Sprites/particles/Cloud2.png using Guid(757f462a556e49d4aba182303f7f9e42) Importer(815301076,1909f56bfc062723c751e8b465ee728b)  -> (artifact id: '267ffb819032ab7ece1304ed486a8144') in 0.020103 seconds 
  Import took 0.025497 seconds .

========================================================================
Received Import Request.
  Time since last request: 0.000314 seconds.
  path: Assets/Sprites/DarkBackground.png
  artifactKey: Guid(5cb77304e17a30a418f2cd9afa5daa6c) Importer(815301076,1909f56bfc062723c751e8b465ee728b)
Start importing Assets/Sprites/DarkBackground.png using Guid(5cb77304e17a30a418f2cd9afa5daa6c) Importer(815301076,1909f56bfc062723c751e8b465ee728b)  -> (artifact id: '6d860097f97bd99fc918d67ad648921a') in 0.028228 seconds 
  Import took 0.032480 seconds .

========================================================================
Received Import Request.
  Time since last request: 0.000238 seconds.
  path: Assets/Sprites/Fishies/BasicFish.png
  artifactKey: Guid(86099dbb9699bbc47b580f8cd3caad1f) Importer(815301076,1909f56bfc062723c751e8b465ee728b)
Start importing Assets/Sprites/Fishies/BasicFish.png using Guid(86099dbb9699bbc47b580f8cd3caad1f) Importer(815301076,1909f56bfc062723c751e8b465ee728b)  -> (artifact id: 'ed3a6cbd03aa710710bf21e9ef6078be') in 0.030398 seconds 
  Import took 0.037163 seconds .

========================================================================
Received Import Request.
  Time since last request: 0.000304 seconds.
  path: Assets/Sprites/Fishies/DeepFish.png
  artifactKey: Guid(352a65def47e1a446895d9cc2196b60a) Importer(815301076,1909f56bfc062723c751e8b465ee728b)
Start importing Assets/Sprites/Fishies/DeepFish.png using Guid(352a65def47e1a446895d9cc2196b60a) Importer(815301076,1909f56bfc062723c751e8b465ee728b)  -> (artifact id: '46538b83e0ea55dac0315ceafc0f17f6') in 0.029976 seconds 
  Import took 0.034678 seconds .

========================================================================
Received Import Request.
  Time since last request: 0.000261 seconds.
  path: Assets/Sprites/DolarSign.png
  artifactKey: Guid(fc1262c3e26115b439aff80890973d41) Importer(815301076,1909f56bfc062723c751e8b465ee728b)
Start importing Assets/Sprites/DolarSign.png using Guid(fc1262c3e26115b439aff80890973d41) Importer(815301076,1909f56bfc062723c751e8b465ee728b)  -> (artifact id: '751c279adb50059ebaeaa3417e98838c') in 0.019703 seconds 
  Import took 0.023315 seconds .

========================================================================
Received Import Request.
  Time since last request: 0.000182 seconds.
  path: Assets/Sprites/Fishies/Jelly.png
  artifactKey: Guid(13964ad1bb23b944babd3327d1dd17c4) Importer(815301076,1909f56bfc062723c751e8b465ee728b)
Start importing Assets/Sprites/Fishies/Jelly.png using Guid(13964ad1bb23b944babd3327d1dd17c4) Importer(815301076,1909f56bfc062723c751e8b465ee728b)  -> (artifact id: '38e5c37075fd92610698006b164030f1') in 0.021898 seconds 
  Import took 0.026970 seconds .

========================================================================
Received Import Request.
  Time since last request: 0.000260 seconds.
  path: Assets/Sprites/particles/Cloud1.png
  artifactKey: Guid(34dab97a9233cef43a8479374f3295c5) Importer(815301076,1909f56bfc062723c751e8b465ee728b)
Start importing Assets/Sprites/particles/Cloud1.png using Guid(34dab97a9233cef43a8479374f3295c5) Importer(815301076,1909f56bfc062723c751e8b465ee728b)  -> (artifact id: 'a4a270deb676b7c3290adcd0437b2ae3') in 0.017153 seconds 
  Import took 0.022184 seconds .

========================================================================
Received Import Request.
  Time since last request: 0.000238 seconds.
  path: Assets/Sprites/DiverSignature.png
  artifactKey: Guid(8a316e3f4c8df5e4faf35a42ee4da381) Importer(815301076,1909f56bfc062723c751e8b465ee728b)
Start importing Assets/Sprites/DiverSignature.png using Guid(8a316e3f4c8df5e4faf35a42ee4da381) Importer(815301076,1909f56bfc062723c751e8b465ee728b)  -> (artifact id: 'b3b418592b8114de52d8b524d9c8f175') in 0.052003 seconds 
  Import took 0.058493 seconds .

========================================================================
Received Import Request.
  Time since last request: 0.000250 seconds.
  path: Assets/Sprites/UI/Dash.png
  artifactKey: Guid(59b1940c3e98154468b17e0f919b6576) Importer(815301076,1909f56bfc062723c751e8b465ee728b)
Start importing Assets/Sprites/UI/Dash.png using Guid(59b1940c3e98154468b17e0f919b6576) Importer(815301076,1909f56bfc062723c751e8b465ee728b)  -> (artifact id: 'f8b650b3cef391f67f832223a4b6b537') in 0.032608 seconds 
  Import took 0.037585 seconds .

========================================================================
Received Import Request.
  Time since last request: 0.000220 seconds.
  path: Assets/Sprites/Contract.png
  artifactKey: Guid(3098dad881c3d5b458caac6a60295b76) Importer(815301076,1909f56bfc062723c751e8b465ee728b)
Start importing Assets/Sprites/Contract.png using Guid(3098dad881c3d5b458caac6a60295b76) Importer(815301076,1909f56bfc062723c751e8b465ee728b)  -> (artifact id: 'b33037404ab5debe7be670244f8d7003') in 0.027685 seconds 
  Import took 0.031965 seconds .

========================================================================
Received Import Request.
  Time since last request: 0.000242 seconds.
  path: Assets/Sprites/Fishies/FastyFish.png
  artifactKey: Guid(23eeef8e214d70246937a3e7ec44b52c) Importer(815301076,1909f56bfc062723c751e8b465ee728b)
Start importing Assets/Sprites/Fishies/FastyFish.png using Guid(23eeef8e214d70246937a3e7ec44b52c) Importer(815301076,1909f56bfc062723c751e8b465ee728b)  -> (artifact id: 'd6cb9fb3b1ef2fe307227df359b97d64') in 0.033652 seconds 
  Import took 0.037237 seconds .

========================================================================
Received Import Request.
  Time since last request: 0.000273 seconds.
  path: Assets/Sprites/Fishies/GoldFish.png
  artifactKey: Guid(088d6c4a3f4b2294291cc1a10e9e7f6e) Importer(815301076,1909f56bfc062723c751e8b465ee728b)
Start importing Assets/Sprites/Fishies/GoldFish.png using Guid(088d6c4a3f4b2294291cc1a10e9e7f6e) Importer(815301076,1909f56bfc062723c751e8b465ee728b)  -> (artifact id: '88eff816ce8022fc59b5df986e3bd22e') in 0.031872 seconds 
  Import took 0.038088 seconds .

========================================================================
Received Import Request.
  Time since last request: 0.000297 seconds.
  path: Assets/Sprites/Fishies/GoldWeed.png
  artifactKey: Guid(55f906724980a6345ba9bcbd10190ed0) Importer(815301076,1909f56bfc062723c751e8b465ee728b)
Start importing Assets/Sprites/Fishies/GoldWeed.png using Guid(55f906724980a6345ba9bcbd10190ed0) Importer(815301076,1909f56bfc062723c751e8b465ee728b)  -> (artifact id: '1444b092bcfff7ce87feab99e1a4cafb') in 0.033812 seconds 
  Import took 0.037651 seconds .

========================================================================
Received Import Request.
  Time since last request: 0.000266 seconds.
  path: Assets/Sprites/Fishies/Angler.png
  artifactKey: Guid(04426a8940ecb6143b2fa51ad7fc0b70) Importer(815301076,1909f56bfc062723c751e8b465ee728b)
Start importing Assets/Sprites/Fishies/Angler.png using Guid(04426a8940ecb6143b2fa51ad7fc0b70) Importer(815301076,1909f56bfc062723c751e8b465ee728b)  -> (artifact id: '6994ea44537fcd31b434cc5afd5548db') in 0.036783 seconds 
  Import took 0.040821 seconds .

========================================================================
Received Import Request.
  Time since last request: 0.000284 seconds.
  path: Assets/Sprites/HexagonFlat-Top.png
  artifactKey: Guid(8572c05bdffe1944c9f3908da1a5e786) Importer(815301076,1909f56bfc062723c751e8b465ee728b)
Start importing Assets/Sprites/HexagonFlat-Top.png using Guid(8572c05bdffe1944c9f3908da1a5e786) Importer(815301076,1909f56bfc062723c751e8b465ee728b)  -> (artifact id: '2faec8c79775fa9fc460e86d28631bed') in 0.026513 seconds 
  Import took 0.032121 seconds .

========================================================================
Received Import Request.
  Time since last request: 0.000279 seconds.
  path: Assets/Sprites/UI/HealButton.png
  artifactKey: Guid(0095f96f9902c6a47904ed50fd88e34c) Importer(815301076,1909f56bfc062723c751e8b465ee728b)
Start importing Assets/Sprites/UI/HealButton.png using Guid(0095f96f9902c6a47904ed50fd88e34c) Importer(815301076,1909f56bfc062723c751e8b465ee728b)  -> (artifact id: 'f27dc82733219daadbbf2276806c628e') in 0.027459 seconds 
  Import took 0.031839 seconds .

========================================================================
Received Import Request.
  Time since last request: 0.000410 seconds.
  path: Assets/Sprites/Base.png
  artifactKey: Guid(c2f01424d610d8747913bd40a53140af) Importer(815301076,1909f56bfc062723c751e8b465ee728b)
Start importing Assets/Sprites/Base.png using Guid(c2f01424d610d8747913bd40a53140af) Importer(815301076,1909f56bfc062723c751e8b465ee728b)  -> (artifact id: '413753ce2d1710d47c2da665ba3d4b08') in 0.026915 seconds 
  Import took 0.032323 seconds .

========================================================================
Received Import Request.
  Time since last request: 0.000252 seconds.
  path: Assets/Sprites/Diver.png
  artifactKey: Guid(9550cb2f157db514da411ad23fe98ab9) Importer(815301076,1909f56bfc062723c751e8b465ee728b)
Start importing Assets/Sprites/Diver.png using Guid(9550cb2f157db514da411ad23fe98ab9) Importer(815301076,1909f56bfc062723c751e8b465ee728b)  -> (artifact id: '14b33d593fd75a0df36d0a01c4d2ba04') in 0.044029 seconds 
  Import took 0.051443 seconds .

========================================================================
Received Import Request.
  Time since last request: 0.000241 seconds.
  path: Assets/Sprites/Fishies/BlueFish.png
  artifactKey: Guid(b141283a8d3e9f94e853a8de643afe1f) Importer(815301076,1909f56bfc062723c751e8b465ee728b)
Start importing Assets/Sprites/Fishies/BlueFish.png using Guid(b141283a8d3e9f94e853a8de643afe1f) Importer(815301076,1909f56bfc062723c751e8b465ee728b)  -> (artifact id: '52471606eccf97c87ff41753c92e7108') in 0.039510 seconds 
  Import took 0.043028 seconds .

========================================================================
Received Import Request.
  Time since last request: 0.000291 seconds.
  path: Assets/Sprites/particles/Cloud3.png
  artifactKey: Guid(b012cb92e9ee75949afb4af194fd5dd9) Importer(815301076,1909f56bfc062723c751e8b465ee728b)
Start importing Assets/Sprites/particles/Cloud3.png using Guid(b012cb92e9ee75949afb4af194fd5dd9) Importer(815301076,1909f56bfc062723c751e8b465ee728b)  -> (artifact id: '357f04ab74f15e27093ac7046e7e7815') in 0.054947 seconds 
  Import took 0.064528 seconds .

========================================================================
Received Import Request.
  Time since last request: 0.000305 seconds.
  path: Assets/Sprites/particles/Clouds.png
  artifactKey: Guid(a9c8f92e8556f28419e05fd66cc96a51) Importer(815301076,1909f56bfc062723c751e8b465ee728b)
Start importing Assets/Sprites/particles/Clouds.png using Guid(a9c8f92e8556f28419e05fd66cc96a51) Importer(815301076,1909f56bfc062723c751e8b465ee728b)  -> (artifact id: '9c316c749a6b9f5b2831cd1b1eff8c3d') in 0.038581 seconds 
  Import took 0.049737 seconds .

========================================================================
Received Import Request.
  Time since last request: 212.994980 seconds.
  path: Assets/Sprites/icon.png
  artifactKey: Guid(52be94c95324d054c9136bf57a1c4541) Importer(815301076,1909f56bfc062723c751e8b465ee728b)
Start importing Assets/Sprites/icon.png using Guid(52be94c95324d054c9136bf57a1c4541) Importer(815301076,1909f56bfc062723c751e8b465ee728b)  -> (artifact id: '49a0f3a81a2ff056c34dfa1c33eea6a5') in 0.018241 seconds 
  Import took 0.022597 seconds .

========================================================================
Received Import Request.
  Time since last request: 0.000371 seconds.
  path: Assets/Sprites/LoseScreen.png
  artifactKey: Guid(d1d4bd189ac80a846a5f34d012d6b451) Importer(815301076,1909f56bfc062723c751e8b465ee728b)
Start importing Assets/Sprites/LoseScreen.png using Guid(d1d4bd189ac80a846a5f34d012d6b451) Importer(815301076,1909f56bfc062723c751e8b465ee728b)  -> (artifact id: 'c6a0c2bbb684c393329b79a9a61590bb') in 0.025278 seconds 
  Import took 0.031627 seconds .

========================================================================
Received Import Request.
  Time since last request: 1.464132 seconds.
  path: Assets/Sprites/SignButton.png
  artifactKey: Guid(47bfb97e909fe754f9faec4351a603af) Importer(815301076,1909f56bfc062723c751e8b465ee728b)
Start importing Assets/Sprites/SignButton.png using Guid(47bfb97e909fe754f9faec4351a603af) Importer(815301076,1909f56bfc062723c751e8b465ee728b)  -> (artifact id: 'a5e2d4dc97d1386e60b75d984a3d4d03') in 0.049413 seconds 
  Import took 0.054008 seconds .

========================================================================
Received Import Request.
  Time since last request: 0.000320 seconds.
  path: Assets/Sprites/Treasure.png
  artifactKey: Guid(448d78cdb8425f04f838e0804e8556af) Importer(815301076,1909f56bfc062723c751e8b465ee728b)
Start importing Assets/Sprites/Treasure.png using Guid(448d78cdb8425f04f838e0804e8556af) Importer(815301076,1909f56bfc062723c751e8b465ee728b)  -> (artifact id: 'e91d051b5dcbd9388c52a767c7f61d10') in 0.031072 seconds 
  Import took 0.035379 seconds .

========================================================================
Received Import Request.
  Time since last request: 35.964517 seconds.
  path: Assets/Scenes/OceanScene.unity
  artifactKey: Guid(2cda990e2423bbf4892e6590ba056729) Importer(815301076,1909f56bfc062723c751e8b465ee728b)
Start importing Assets/Scenes/OceanScene.unity using Guid(2cda990e2423bbf4892e6590ba056729) Importer(815301076,1909f56bfc062723c751e8b465ee728b)  -> (artifact id: '77a69755676f23e046a45666a191638c') in 0.011523 seconds 
  Import took 0.015495 seconds .

